INFO [2024-10-08 13:51:01] $x
INFO [2024-10-08 13:51:01] list(Correlation = correlation, Original = DGEs)
INFO [2024-10-08 13:51:01] 
INFO [2024-10-08 13:51:01] $category.names
INFO [2024-10-08 13:51:01] c("Cell proportions", "DEGs")
INFO [2024-10-08 13:51:01] 
INFO [2024-10-08 13:51:01] $filename
INFO [2024-10-08 13:51:01] NULL
INFO [2024-10-08 13:51:01] 
INFO [2024-10-08 13:51:01] $output
INFO [2024-10-08 13:51:01] [1] TRUE
INFO [2024-10-08 13:51:01] 
INFO [2024-10-08 13:51:01] $resolution
INFO [2024-10-08 13:51:01] [1] 300
INFO [2024-10-08 13:51:01] 
INFO [2024-10-08 13:51:01] $imagetype
INFO [2024-10-08 13:51:01] [1] "png"
INFO [2024-10-08 13:51:01] 
INFO [2024-10-08 13:51:01] $fill
INFO [2024-10-08 13:51:01] c("blue", "green")
INFO [2024-10-08 13:51:01] 
INFO [2024-10-08 13:51:01] $alpha
INFO [2024-10-08 13:51:01] [1] 0.5
INFO [2024-10-08 13:51:01] 
INFO [2024-10-08 13:51:01] $cex
INFO [2024-10-08 13:51:01] [1] 2
INFO [2024-10-08 13:51:01] 
INFO [2024-10-08 13:51:01] $cat.cex
INFO [2024-10-08 13:51:01] [1] 2
INFO [2024-10-08 13:51:01] 
INFO [2024-10-08 13:51:01] $cat.pos
INFO [2024-10-08 13:51:01] c(-20, 20)
INFO [2024-10-08 13:51:01] 
